<?xml version="1.0" encoding="UTF-8"?>
<!-- Generated by org.testng.reporters.JUnitReportReporter -->
<testsuite hostname="DESKTOP-TV5SK76" failures="0" tests="3" name="com.crm.qa.testcase.LoginPageTest" time="72.451" errors="0" timestamp="2023-11-13T12:53:17 IST" skipped="0">
  <testcase classname="com.crm.qa.testcase.LoginPageTest" name="loginPageTitleTest" time="18.919"/>
  <system-out/>
  <testcase classname="com.crm.qa.testcase.LoginPageTest" name="crmImageTest" time="17.843"/>
  <system-out/>
  <testcase classname="com.crm.qa.testcase.LoginPageTest" name="loginTest" time="35.689"/>
  <system-out/>
</testsuite> <!-- com.crm.qa.testcase.LoginPageTest -->
