<?xml version="1.0" encoding="UTF-8"?>
<!-- Generated by org.testng.reporters.JUnitReportReporter -->
<testsuite hostname="DESKTOP-TV5SK76" failures="0" tests="3" name="com.crm.qa.testcase.HomePageTest" time="93.551" errors="0" timestamp="2023-11-12T21:31:26 IST" skipped="0">
  <testcase classname="com.crm.qa.testcase.HomePageTest" name="verifyhomePageTitleTest" time="30.021"/>
  <system-out/>
  <testcase classname="com.crm.qa.testcase.HomePageTest" name="verifyContactLink" time="33.218"/>
  <system-out/>
  <testcase classname="com.crm.qa.testcase.HomePageTest" name="verifyUserName" time="30.312"/>
  <system-out/>
</testsuite> <!-- com.crm.qa.testcase.HomePageTest -->
