<?xml version="1.0" encoding="UTF-8"?>
<!-- Generated by org.testng.reporters.JUnitReportReporter -->
<testsuite hostname="DESKTOP-TV5SK76" failures="0" tests="3" name="com.crm.qa.testcase.HomePageTest" time="106.051" errors="0" timestamp="2023-11-13T12:37:25 IST" skipped="0">
  <testcase classname="com.crm.qa.testcase.HomePageTest" name="verifyhomePageTitleTest" time="37.660"/>
  <system-out/>
  <testcase classname="com.crm.qa.testcase.HomePageTest" name="verifyContactLink" time="36.547"/>
  <system-out/>
  <testcase classname="com.crm.qa.testcase.HomePageTest" name="verifyUserName" time="31.844"/>
  <system-out/>
</testsuite> <!-- com.crm.qa.testcase.HomePageTest -->
