<?xml version="1.0" encoding="UTF-8"?>
<!-- Generated by org.testng.reporters.JUnitReportReporter -->
<testsuite hostname="DESKTOP-TV5SK76" failures="0" tests="3" name="com.crm.qa.testcase.LoginPageTest" time="62.635" errors="0" timestamp="2023-11-12T21:31:26 IST" skipped="0">
  <testcase classname="com.crm.qa.testcase.LoginPageTest" name="loginPageTitleTest" time="15.752"/>
  <system-out/>
  <testcase classname="com.crm.qa.testcase.LoginPageTest" name="crmImageTest" time="15.795"/>
  <system-out/>
  <testcase classname="com.crm.qa.testcase.LoginPageTest" name="loginTest" time="31.088"/>
  <system-out/>
</testsuite> <!-- com.crm.qa.testcase.LoginPageTest -->
