<?xml version="1.0" encoding="UTF-8"?>
<!-- Generated by org.testng.reporters.JUnitReportReporter -->
<testsuite hostname="DESKTOP-TV5SK76" failures="0" tests="4" name="com.crm.qa.testcase.ContactPageTest" time="52.037" errors="0" timestamp="2023-11-13T12:37:25 IST" skipped="3">
  <testcase classname="com.crm.qa.testcase.ContactPageTest" name="validateCreateNewContactTest" time="52.037"/>
  <system-out/>
  <testcase classname="com.crm.qa.testcase.ContactPageTest" name="selectContactTest">
    <skipped/>
  </testcase> <!-- selectContactTest -->
  <system-out/>
  <testcase classname="com.crm.qa.testcase.ContactPageTest" name="selectmultiContactTest">
    <skipped/>
  </testcase> <!-- selectmultiContactTest -->
  <system-out/>
  <testcase classname="com.crm.qa.testcase.ContactPageTest" name="verifyContactLabel">
    <skipped/>
  </testcase> <!-- verifyContactLabel -->
  <system-out/>
</testsuite> <!-- com.crm.qa.testcase.ContactPageTest -->
