<?xml version="1.0" encoding="UTF-8"?>
<!-- Generated by org.testng.reporters.JUnitReportReporter -->
<testsuite hostname="DESKTOP-TV5SK76" failures="0" tests="3" name="com.crm.qa.testcase.ContactPageTest" time="101.954" errors="0" timestamp="2023-11-12T21:31:26 IST" skipped="0">
  <testcase classname="com.crm.qa.testcase.ContactPageTest" name="verifyContactLabel" time="32.005"/>
  <system-out/>
  <testcase classname="com.crm.qa.testcase.ContactPageTest" name="selectContactTest" time="34.694"/>
  <system-out/>
  <testcase classname="com.crm.qa.testcase.ContactPageTest" name="selectmultiContactTest" time="35.255"/>
  <system-out/>
</testsuite> <!-- com.crm.qa.testcase.ContactPageTest -->
